d:\vesal\vesal_pc\node_modules\react-native-windows\yoga\csharp\yoga\obj\x64\debug\vc141.pdb
d:\vesal\vesal_pc\node_modules\react-native-windows\yoga\csharp\yoga\obj\x64\debug\vc141.idb
d:\vesal\vesal_pc\node_modules\react-native-windows\yoga\csharp\yoga\obj\x64\debug\stdafx.obj
d:\vesal\vesal_pc\node_modules\react-native-windows\yoga\csharp\yoga\obj\x64\debug\yginterop.obj
d:\vesal\vesal_pc\node_modules\react-native-windows\yoga\csharp\yoga\obj\x64\debug\yoga.obj
d:\vesal\vesal_pc\node_modules\react-native-windows\yoga\csharp\yoga\obj\x64\debug\ygstyle.obj
d:\vesal\vesal_pc\node_modules\react-native-windows\yoga\csharp\yoga\obj\x64\debug\ygnodeprint.obj
d:\vesal\vesal_pc\node_modules\react-native-windows\yoga\csharp\yoga\obj\x64\debug\ygnode.obj
d:\vesal\vesal_pc\node_modules\react-native-windows\yoga\csharp\yoga\obj\x64\debug\yglayout.obj
d:\vesal\vesal_pc\node_modules\react-native-windows\yoga\csharp\yoga\obj\x64\debug\ygenums.obj
d:\vesal\vesal_pc\node_modules\react-native-windows\yoga\csharp\yoga\obj\x64\debug\utils.obj
d:\vesal\vesal_pc\node_modules\react-native-windows\yoga\csharp\yoga\obj\x64\debug\dllmain.obj
d:\vesal\vesal_pc\node_modules\react-native-windows\yoga\csharp\yoga\bin\x64\debug\yoga.ilk
d:\vesal\vesal_pc\node_modules\react-native-windows\yoga\csharp\yoga\bin\x64\debug\yoga.dll
d:\vesal\vesal_pc\node_modules\react-native-windows\yoga\csharp\yoga\bin\x64\debug\yoga.pdb
d:\vesal\vesal_pc\node_modules\react-native-windows\yoga\csharp\yoga\obj\x64\debug\yoga.res
d:\vesal\vesal_pc\node_modules\react-native-windows\yoga\csharp\yoga\bin\x64\debug\yoga.lib
d:\vesal\vesal_pc\node_modules\react-native-windows\yoga\csharp\yoga\bin\x64\debug\yoga.exp
d:\vesal\vesal_pc\node_modules\react-native-windows\yoga\csharp\yoga\obj\x64\debug\yoga.tlog\cl.command.1.tlog
d:\vesal\vesal_pc\node_modules\react-native-windows\yoga\csharp\yoga\obj\x64\debug\yoga.tlog\cl.read.1.tlog
d:\vesal\vesal_pc\node_modules\react-native-windows\yoga\csharp\yoga\obj\x64\debug\yoga.tlog\cl.write.1.tlog
d:\vesal\vesal_pc\node_modules\react-native-windows\yoga\csharp\yoga\obj\x64\debug\yoga.tlog\link.command.1.tlog
d:\vesal\vesal_pc\node_modules\react-native-windows\yoga\csharp\yoga\obj\x64\debug\yoga.tlog\link.read.1.tlog
d:\vesal\vesal_pc\node_modules\react-native-windows\yoga\csharp\yoga\obj\x64\debug\yoga.tlog\link.write.1.tlog
d:\vesal\vesal_pc\node_modules\react-native-windows\yoga\csharp\yoga\obj\x64\debug\yoga.tlog\rc.command.1.tlog
d:\vesal\vesal_pc\node_modules\react-native-windows\yoga\csharp\yoga\obj\x64\debug\yoga.tlog\rc.read.1.tlog
d:\vesal\vesal_pc\node_modules\react-native-windows\yoga\csharp\yoga\obj\x64\debug\yoga.tlog\rc.write.1.tlog
d:\vesal\vesal_pc\node_modules\react-native-windows\yoga\csharp\yoga\obj\x64\debug\yoga.tlog\yoga.write.1u.tlog
