d:\vesal\vesal_pc\node_modules\react-native-windows\yoga\csharp\yoga\obj\x64\release\vc141.pdb
d:\vesal\vesal_pc\node_modules\react-native-windows\yoga\csharp\yoga\obj\x64\release\stdafx.obj
d:\vesal\vesal_pc\node_modules\react-native-windows\yoga\csharp\yoga\obj\x64\release\yginterop.obj
d:\vesal\vesal_pc\node_modules\react-native-windows\yoga\csharp\yoga\obj\x64\release\yoga.obj
d:\vesal\vesal_pc\node_modules\react-native-windows\yoga\csharp\yoga\obj\x64\release\ygstyle.obj
d:\vesal\vesal_pc\node_modules\react-native-windows\yoga\csharp\yoga\obj\x64\release\ygnodeprint.obj
d:\vesal\vesal_pc\node_modules\react-native-windows\yoga\csharp\yoga\obj\x64\release\ygnode.obj
d:\vesal\vesal_pc\node_modules\react-native-windows\yoga\csharp\yoga\obj\x64\release\yglayout.obj
d:\vesal\vesal_pc\node_modules\react-native-windows\yoga\csharp\yoga\obj\x64\release\ygenums.obj
d:\vesal\vesal_pc\node_modules\react-native-windows\yoga\csharp\yoga\obj\x64\release\utils.obj
d:\vesal\vesal_pc\node_modules\react-native-windows\yoga\csharp\yoga\obj\x64\release\dllmain.obj
d:\vesal\vesal_pc\node_modules\react-native-windows\yoga\csharp\yoga\bin\x64\release\yoga.dll
d:\vesal\vesal_pc\node_modules\react-native-windows\yoga\csharp\yoga\bin\x64\release\yoga.pdb
d:\vesal\vesal_pc\node_modules\react-native-windows\yoga\csharp\yoga\obj\x64\release\yoga.res
d:\vesal\vesal_pc\node_modules\react-native-windows\yoga\csharp\yoga\bin\x64\release\yoga.lib
d:\vesal\vesal_pc\node_modules\react-native-windows\yoga\csharp\yoga\bin\x64\release\yoga.exp
d:\vesal\vesal_pc\node_modules\react-native-windows\yoga\csharp\yoga\bin\x64\release\yoga.ipdb
d:\vesal\vesal_pc\node_modules\react-native-windows\yoga\csharp\yoga\bin\x64\release\yoga.iobj
d:\vesal\vesal_pc\node_modules\react-native-windows\yoga\csharp\yoga\obj\x64\release\yoga.tlog\cl.command.1.tlog
d:\vesal\vesal_pc\node_modules\react-native-windows\yoga\csharp\yoga\obj\x64\release\yoga.tlog\cl.read.1.tlog
d:\vesal\vesal_pc\node_modules\react-native-windows\yoga\csharp\yoga\obj\x64\release\yoga.tlog\cl.write.1.tlog
d:\vesal\vesal_pc\node_modules\react-native-windows\yoga\csharp\yoga\obj\x64\release\yoga.tlog\link.command.1.tlog
d:\vesal\vesal_pc\node_modules\react-native-windows\yoga\csharp\yoga\obj\x64\release\yoga.tlog\link.read.1.tlog
d:\vesal\vesal_pc\node_modules\react-native-windows\yoga\csharp\yoga\obj\x64\release\yoga.tlog\link.write.1.tlog
d:\vesal\vesal_pc\node_modules\react-native-windows\yoga\csharp\yoga\obj\x64\release\yoga.tlog\rc.command.1.tlog
d:\vesal\vesal_pc\node_modules\react-native-windows\yoga\csharp\yoga\obj\x64\release\yoga.tlog\rc.read.1.tlog
d:\vesal\vesal_pc\node_modules\react-native-windows\yoga\csharp\yoga\obj\x64\release\yoga.tlog\rc.write.1.tlog
d:\vesal\vesal_pc\node_modules\react-native-windows\yoga\csharp\yoga\obj\x64\release\yoga.tlog\yoga.write.1u.tlog
